2024-11-25T11:34:34.980+0300	INFO	log/logger.go:21	started logger	{"source": "logger", "time": "2024-11-25 11:34:34.9643621 +0300 MSK m=+0.003225201"}
2024-11-25T11:34:34.999+0300	INFO	consumer/consumer.go:47	consumer for topic orders started	{"source": "service/kafka/consumer", "time": "2024-11-25 11:34:34.9999241 +0300 MSK m=+0.038787201"}
2024-11-25T11:37:42.009+0300	INFO	consumer/consumer.go:85	Recieved message in topic orders from queue, message value: {"order_uid":"7ii4z9bp6","track_number":"WBSW3GTKR8U","entry":"WBIL","delivery":{"name":"Test s5gtngh5s","phone":"+972606640377","zip":"1140370","city":"Random City","address":"Street 8","region":"Random Region","email":"477a86zu2@example.com"},"payment":{"transaction":"fugx65yht","request_id":"","currency":"USD","provider":"wbpay","amount":503,"payment_dt":1732523861573,"bank":"alpha","delivery_cost":686,"goods_total":214,"custom_fee":0},"items":[{"chrt_id":2923158,"track_number":"WBHVD5UB2EN","price":800,"rid":"efq39qc4w","name":"Random Item","sale":16,"size":"9","total_price":1867,"nm_id":9269929,"brand":"Random Brand","status":202}],"locale":"en","internal_signature":"","customer_id":"hjt6tx7nh","delivery_service":"meest","shardkey":"9","sm_id":58,"date_created":"2024-11-25T08:37:41.573Z","oof_shard":"4"}	{"source": "service/kafka/consumer", "time": "2024-11-25 11:37:42.0097489 +0300 MSK m=+187.048612001"}
2024-11-25T11:37:42.010+0300	INFO	consumer/consumer.go:88	Pushed message from topic orders to data handler	{"source": "service/kafka/consumer", "time": "2024-11-25 11:37:42.0102806 +0300 MSK m=+187.049143701"}
2024-11-25T11:39:04.365+0300	INFO	log/logger.go:21	started logger	{"source": "logger", "time": "2024-11-25 11:39:04.3496659 +0300 MSK m=+0.002009601"}
2024-11-25T11:39:04.379+0300	INFO	consumer/consumer.go:47	consumer for topic orders started	{"source": "service/kafka/consumer", "time": "2024-11-25 11:39:04.3791996 +0300 MSK m=+0.031543301"}
2024-11-25T11:39:07.919+0300	INFO	consumer/consumer.go:85	Recieved message in topic orders from queue, message value: {
  "order_uid": "b563feb7b2b84b6test",
  "track_number": "WBILMTESTTRACK",
  "entry": "WBIL",
  "delivery": {
     "name": "Test Testov",
     "phone": "+9720000000",
     "zip": "2639809",
     "city": "Kiryat Mozkin",
     "address": "Ploshad Mira 15",
     "region": "Kraiot",
     "email": "test@gmail.com"
  },
  "payment": {
     "transaction": "b563feb7b2b84b6test",
     "request_id": "",
     "currency": "USD",
     "provider": "wbpay",
     "amount": 1817,
     "payment_dt": 1637907727,
     "bank": "alpha",
     "delivery_cost": 1500,
     "goods_total": 317,
     "custom_fee": 0
  },
  "items": [
     {
        "chrt_id": 9934930,
        "track_number": "WBILMTESTTRACK",
        "price": 453,
        "rid": "ab4219087a764ae0btest",
        "name": "Mascaras",
        "sale": 30,
        "size": "0",
        "total_price": 317,
        "nm_id": 2389212,
        "brand": "Vivienne Sabo",
        "status": 202
     }
  ],
  "locale": "en",
  "internal_signature": "",
  "customer_id": "test",
  "delivery_service": "meest",
  "shardkey": "9",
  "sm_id": 99,
  "date_created": "2021-11-26T06:22:19Z",
  "oof_shard": "1"
}
	{"source": "service/kafka/consumer", "time": "2024-11-25 11:39:07.9188416 +0300 MSK m=+3.571185301"}
2024-11-25T11:39:07.919+0300	INFO	consumer/consumer.go:88	Pushed message from topic orders to data handler	{"source": "service/kafka/consumer", "time": "2024-11-25 11:39:07.9193897 +0300 MSK m=+3.571733401"}
